<?xml version="1.0" encoding="UTF-8"?>
<!-- Generated by org.testng.reporters.JUnitReportReporter -->
<testsuite hostname="7ussien" failures="0" tests="2" name="com.automationExercise.TestCases.SearchTest" time="14.699" errors="0" timestamp="2024-10-23T21:44:46 EEST" skipped="0">
  <testcase classname="com.automationExercise.TestCases.SearchTest" name="UserCanSearchWithPartialProduct" time="9.547"/>
  <testcase classname="com.automationExercise.TestCases.SearchTest" name="UserCanSearchWithProduct" time="5.152"/>
</testsuite> <!-- com.automationExercise.TestCases.SearchTest -->
