<?xml version="1.0" encoding="UTF-8"?>
<!-- Generated by org.testng.reporters.JUnitReportReporter -->
<testsuite hostname="7ussien" failures="0" tests="1" name="com.automationExercise.TestCases.PaymentTest" time="3.335" errors="0" timestamp="2024-10-23T21:44:46 EEST" skipped="0">
  <testcase classname="com.automationExercise.TestCases.PaymentTest" name="userEnterCard" time="3.335"/>
</testsuite> <!-- com.automationExercise.TestCases.PaymentTest -->
