<?xml version="1.0" encoding="UTF-8"?>
<!-- Generated by org.testng.reporters.JUnitReportReporter -->
<testsuite hostname="7ussien" failures="0" tests="1" name="com.automationExercise.TestCases.SignUpSuccessfulTest" time="3.214" errors="0" timestamp="2024-10-23T21:44:46 EEST" skipped="0">
  <testcase classname="com.automationExercise.TestCases.SignUpSuccessfulTest" name="checkSuccessMsgAfterSignUp" time="3.214"/>
</testsuite> <!-- com.automationExercise.TestCases.SignUpSuccessfulTest -->
