<?xml version="1.0" encoding="UTF-8"?>
<!-- Generated by org.testng.reporters.JUnitReportReporter -->
<testsuite hostname="7ussien" failures="0" tests="3" name="com.automationExercise.TestCases.ProductDetailsTest" time="17.353" errors="0" timestamp="2024-10-23T21:44:46 EEST" skipped="0">
  <testcase classname="com.automationExercise.TestCases.ProductDetailsTest" name="userReviewProduct" time="7.141"/>
  <testcase classname="com.automationExercise.TestCases.ProductDetailsTest" name="userAddProductToCartFromProductsPage" time="2.899"/>
  <testcase classname="com.automationExercise.TestCases.ProductDetailsTest" name="userAddProductToCartFromProductDetails" time="7.313"/>
</testsuite> <!-- com.automationExercise.TestCases.ProductDetailsTest -->
