<?xml version="1.0" encoding="UTF-8"?>
<!-- Generated by org.testng.reporters.JUnitReportReporter -->
<testsuite hostname="7ussien" failures="0" tests="2" name="com.automationExercise.TestCases.LoginTest" time="11.854" errors="0" timestamp="2024-10-23T21:44:46 EEST" skipped="0">
  <testcase classname="com.automationExercise.TestCases.LoginTest" name="UserLoginWithValidData" time="7.345"/>
  <testcase classname="com.automationExercise.TestCases.LoginTest" name="UserLoginWithInvalidData" time="4.509"/>
</testsuite> <!-- com.automationExercise.TestCases.LoginTest -->
