<?xml version="1.0" encoding="UTF-8"?>
<!-- Generated by org.testng.reporters.JUnitReportReporter -->
<testsuite hostname="7ussien" failures="0" tests="1" name="com.automationExercise.TestCases.CheckoutTest" time="1.451" errors="0" timestamp="2024-10-23T21:44:46 EEST" skipped="0">
  <testcase classname="com.automationExercise.TestCases.CheckoutTest" name="RegisteredUserCheckout" time="1.451"/>
</testsuite> <!-- com.automationExercise.TestCases.CheckoutTest -->
