<?xml version="1.0" encoding="UTF-8"?>
<!-- Generated by org.testng.reporters.JUnitReportReporter -->
<testsuite hostname="7ussien" failures="0" tests="2" name="com.automationExercise.TestCases.ContactUsTest" time="5.546" errors="0" timestamp="2024-10-23T21:44:46 EEST" skipped="0">
  <testcase classname="com.automationExercise.TestCases.ContactUsTest" name="UserContactUs" time="2.750"/>
  <testcase classname="com.automationExercise.TestCases.ContactUsTest" name="UserReturnToHomePage" time="2.796"/>
</testsuite> <!-- com.automationExercise.TestCases.ContactUsTest -->
